<?xml version="1.0" encoding="UTF-8"?>
<testsuite xmlns:xsi="http://www.w3.org/2001/XMLSchema-instance" xsi:noNamespaceSchemaLocation="https://maven.apache.org/surefire/maven-surefire-plugin/xsd/surefire-test-report.xsd" name="com.juaned.AppTest" time="0.054" tests="1" errors="0" skipped="0" failures="0">
  <properties>
    <property name="java.specification.version" value="15"/>
    <property name="sun.jnu.encoding" value="UTF-8"/>
    <property name="java.class.path" value="/Users/juaneduardoflores/Documents/Processing/Maven/TaskVisualizer/target/test-classes:/Users/juaneduardoflores/Documents/Processing/Maven/TaskVisualizer/target/classes:/Users/juaneduardoflores/.m2/repository/junit/junit/4.11/junit-4.11.jar:/Users/juaneduardoflores/.m2/repository/org/hamcrest/hamcrest-core/1.3/hamcrest-core-1.3.jar:/Users/juaneduardoflores/.m2/repository/org/processing/core/2.2.1/core-2.2.1.jar:/Users/juaneduardoflores/.m2/repository/org/jogamp/gluegen/gluegen-rt-main/2.3.2/gluegen-rt-main-2.3.2.jar:/Users/juaneduardoflores/.m2/repository/org/jogamp/gluegen/gluegen-rt/2.3.2/gluegen-rt-2.3.2.jar:/Users/juaneduardoflores/.m2/repository/org/jogamp/gluegen/gluegen-rt/2.3.2/gluegen-rt-2.3.2-natives-android-aarch64.jar:/Users/juaneduardoflores/.m2/repository/org/jogamp/gluegen/gluegen-rt/2.3.2/gluegen-rt-2.3.2-natives-android-armv6.jar:/Users/juaneduardoflores/.m2/repository/org/jogamp/gluegen/gluegen-rt/2.3.2/gluegen-rt-2.3.2-natives-linux-amd64.jar:/Users/juaneduardoflores/.m2/repository/org/jogamp/gluegen/gluegen-rt/2.3.2/gluegen-rt-2.3.2-natives-linux-armv6.jar:/Users/juaneduardoflores/.m2/repository/org/jogamp/gluegen/gluegen-rt/2.3.2/gluegen-rt-2.3.2-natives-linux-armv6hf.jar:/Users/juaneduardoflores/.m2/repository/org/jogamp/gluegen/gluegen-rt/2.3.2/gluegen-rt-2.3.2-natives-linux-i586.jar:/Users/juaneduardoflores/.m2/repository/org/jogamp/gluegen/gluegen-rt/2.3.2/gluegen-rt-2.3.2-natives-macosx-universal.jar:/Users/juaneduardoflores/.m2/repository/org/jogamp/gluegen/gluegen-rt/2.3.2/gluegen-rt-2.3.2-natives-solaris-amd64.jar:/Users/juaneduardoflores/.m2/repository/org/jogamp/gluegen/gluegen-rt/2.3.2/gluegen-rt-2.3.2-natives-solaris-i586.jar:/Users/juaneduardoflores/.m2/repository/org/jogamp/gluegen/gluegen-rt/2.3.2/gluegen-rt-2.3.2-natives-windows-amd64.jar:/Users/juaneduardoflores/.m2/repository/org/jogamp/gluegen/gluegen-rt/2.3.2/gluegen-rt-2.3.2-natives-windows-i586.jar:/Users/juaneduardoflores/.m2/repository/org/jogamp/jogl/jogl-all-main/2.3.2/jogl-all-main-2.3.2.jar:/Users/juaneduardoflores/.m2/repository/org/jogamp/jogl/jogl-all/2.3.2/jogl-all-2.3.2.jar:/Users/juaneduardoflores/.m2/repository/org/jogamp/jogl/jogl-all/2.3.2/jogl-all-2.3.2-natives-android-aarch64.jar:/Users/juaneduardoflores/.m2/repository/org/jogamp/jogl/jogl-all/2.3.2/jogl-all-2.3.2-natives-android-armv6.jar:/Users/juaneduardoflores/.m2/repository/org/jogamp/jogl/jogl-all/2.3.2/jogl-all-2.3.2-natives-linux-amd64.jar:/Users/juaneduardoflores/.m2/repository/org/jogamp/jogl/jogl-all/2.3.2/jogl-all-2.3.2-natives-linux-armv6.jar:/Users/juaneduardoflores/.m2/repository/org/jogamp/jogl/jogl-all/2.3.2/jogl-all-2.3.2-natives-linux-armv6hf.jar:/Users/juaneduardoflores/.m2/repository/org/jogamp/jogl/jogl-all/2.3.2/jogl-all-2.3.2-natives-linux-i586.jar:/Users/juaneduardoflores/.m2/repository/org/jogamp/jogl/jogl-all/2.3.2/jogl-all-2.3.2-natives-macosx-universal.jar:/Users/juaneduardoflores/.m2/repository/org/jogamp/jogl/jogl-all/2.3.2/jogl-all-2.3.2-natives-solaris-amd64.jar:/Users/juaneduardoflores/.m2/repository/org/jogamp/jogl/jogl-all/2.3.2/jogl-all-2.3.2-natives-solaris-i586.jar:/Users/juaneduardoflores/.m2/repository/org/jogamp/jogl/jogl-all/2.3.2/jogl-all-2.3.2-natives-windows-amd64.jar:/Users/juaneduardoflores/.m2/repository/org/jogamp/jogl/jogl-all/2.3.2/jogl-all-2.3.2-natives-windows-i586.jar:/Users/juaneduardoflores/.m2/repository/org/jogamp/jogl/newt-main/2.3.2/newt-main-2.3.2.jar:/Users/juaneduardoflores/.m2/repository/org/jogamp/jogl/newt/2.3.2/newt-2.3.2.jar:/Users/juaneduardoflores/.m2/repository/org/jogamp/jogl/newt/2.3.2/newt-2.3.2-event.jar:/Users/juaneduardoflores/.m2/repository/org/jogamp/jogl/newt/2.3.2/newt-2.3.2-ogl.jar:/Users/juaneduardoflores/.m2/repository/org/jogamp/jogl/newt/2.3.2/newt-2.3.2-driver-android.jar:/Users/juaneduardoflores/.m2/repository/org/jogamp/jogl/newt/2.3.2/newt-2.3.2-driver-bcm-old.jar:/Users/juaneduardoflores/.m2/repository/org/jogamp/jogl/newt/2.3.2/newt-2.3.2-driver-bcm-vc.jar:/Users/juaneduardoflores/.m2/repository/org/jogamp/jogl/newt/2.3.2/newt-2.3.2-driver-intelgdl.jar:/Users/juaneduardoflores/.m2/repository/org/jogamp/jogl/newt/2.3.2/newt-2.3.2-driver-kd.jar:/Users/juaneduardoflores/.m2/repository/org/jogamp/jogl/newt/2.3.2/newt-2.3.2-driver-linux.jar:/Users/juaneduardoflores/.m2/repository/org/jogamp/jogl/newt/2.3.2/newt-2.3.2-driver-osx.jar:/Users/juaneduardoflores/.m2/repository/org/jogamp/jogl/newt/2.3.2/newt-2.3.2-driver-win.jar:/Users/juaneduardoflores/.m2/repository/org/jogamp/jogl/newt/2.3.2/newt-2.3.2-driver-x11.jar:/Users/juaneduardoflores/.m2/repository/org/jogamp/jogl/newt/2.3.2/newt-2.3.2-natives-android-aarch64.jar:/Users/juaneduardoflores/.m2/repository/org/jogamp/jogl/newt/2.3.2/newt-2.3.2-natives-android-armv6.jar:/Users/juaneduardoflores/.m2/repository/org/jogamp/jogl/newt/2.3.2/newt-2.3.2-natives-linux-amd64.jar:/Users/juaneduardoflores/.m2/repository/org/jogamp/jogl/newt/2.3.2/newt-2.3.2-natives-linux-armv6.jar:/Users/juaneduardoflores/.m2/repository/org/jogamp/jogl/newt/2.3.2/newt-2.3.2-natives-linux-armv6hf.jar:/Users/juaneduardoflores/.m2/repository/org/jogamp/jogl/newt/2.3.2/newt-2.3.2-natives-linux-i586.jar:/Users/juaneduardoflores/.m2/repository/org/jogamp/jogl/newt/2.3.2/newt-2.3.2-natives-macosx-universal.jar:/Users/juaneduardoflores/.m2/repository/org/jogamp/jogl/newt/2.3.2/newt-2.3.2-natives-solaris-amd64.jar:/Users/juaneduardoflores/.m2/repository/org/jogamp/jogl/newt/2.3.2/newt-2.3.2-natives-solaris-i586.jar:/Users/juaneduardoflores/.m2/repository/org/jogamp/jogl/newt/2.3.2/newt-2.3.2-natives-windows-amd64.jar:/Users/juaneduardoflores/.m2/repository/org/jogamp/jogl/newt/2.3.2/newt-2.3.2-natives-windows-i586.jar:/Users/juaneduardoflores/.m2/repository/org/jogamp/jogl/nativewindow-main/2.3.2/nativewindow-main-2.3.2.jar:/Users/juaneduardoflores/.m2/repository/org/jogamp/jogl/nativewindow/2.3.2/nativewindow-2.3.2.jar:/Users/juaneduardoflores/.m2/repository/org/jogamp/jogl/nativewindow/2.3.2/nativewindow-2.3.2-os-win.jar:/Users/juaneduardoflores/.m2/repository/org/jogamp/jogl/nativewindow/2.3.2/nativewindow-2.3.2-os-osx.jar:/Users/juaneduardoflores/.m2/repository/org/jogamp/jogl/nativewindow/2.3.2/nativewindow-2.3.2-os-x11.jar:/Users/juaneduardoflores/.m2/repository/org/jogamp/jogl/nativewindow/2.3.2/nativewindow-2.3.2-natives-android-aarch64.jar:/Users/juaneduardoflores/.m2/repository/org/jogamp/jogl/nativewindow/2.3.2/nativewindow-2.3.2-natives-android-armv6.jar:/Users/juaneduardoflores/.m2/repository/org/jogamp/jogl/nativewindow/2.3.2/nativewindow-2.3.2-natives-linux-amd64.jar:/Users/juaneduardoflores/.m2/repository/org/jogamp/jogl/nativewindow/2.3.2/nativewindow-2.3.2-natives-linux-armv6.jar:/Users/juaneduardoflores/.m2/repository/org/jogamp/jogl/nativewindow/2.3.2/nativewindow-2.3.2-natives-linux-armv6hf.jar:/Users/juaneduardoflores/.m2/repository/org/jogamp/jogl/nativewindow/2.3.2/nativewindow-2.3.2-natives-linux-i586.jar:/Users/juaneduardoflores/.m2/repository/org/jogamp/jogl/nativewindow/2.3.2/nativewindow-2.3.2-natives-macosx-universal.jar:/Users/juaneduardoflores/.m2/repository/org/jogamp/jogl/nativewindow/2.3.2/nativewindow-2.3.2-natives-solaris-amd64.jar:/Users/juaneduardoflores/.m2/repository/org/jogamp/jogl/nativewindow/2.3.2/nativewindow-2.3.2-natives-solaris-i586.jar:/Users/juaneduardoflores/.m2/repository/org/jogamp/jogl/nativewindow/2.3.2/nativewindow-2.3.2-natives-windows-amd64.jar:/Users/juaneduardoflores/.m2/repository/org/jogamp/jogl/nativewindow/2.3.2/nativewindow-2.3.2-natives-windows-i586.jar:/Users/juaneduardoflores/.m2/repository/com/apple/AppleJavaExtensions/1.4/AppleJavaExtensions-1.4.jar:/Users/juaneduardoflores/.m2/repository/com/ultramixer/jarbundler/jarbundler-core/3.3.0/jarbundler-core-3.3.0.jar:/Users/juaneduardoflores/.m2/repository/org/apache/ant/ant/1.9.3/ant-1.9.3.jar:/Users/juaneduardoflores/.m2/repository/org/apache/ant/ant-launcher/1.9.3/ant-launcher-1.9.3.jar:/Users/juaneduardoflores/.m2/repository/org/json/json/20210307/json-20210307.jar:"/>
    <property name="java.vm.vendor" value="Oracle Corporation"/>
    <property name="sun.arch.data.model" value="64"/>
    <property name="java.vendor.url" value="https://java.oracle.com/"/>
    <property name="os.name" value="Mac OS X"/>
    <property name="java.vm.specification.version" value="15"/>
    <property name="sun.java.launcher" value="SUN_STANDARD"/>
    <property name="user.country" value="US"/>
    <property name="sun.boot.library.path" value="/Users/juaneduardoflores/.p2/pool/plugins/org.eclipse.justj.openjdk.hotspot.jre.full.macosx.x86_64_15.0.2.v20210201-0955/jre/lib"/>
    <property name="sun.java.command" value="/Users/juaneduardoflores/Documents/Processing/Maven/TaskVisualizer/target/surefire/surefirebooter9919328743798192467.jar /Users/juaneduardoflores/Documents/Processing/Maven/TaskVisualizer/target/surefire 2021-06-24T18-24-34_603-jvmRun1 surefire10313489822644613965tmp surefire_013678258755399851721tmp"/>
    <property name="http.nonProxyHosts" value="local|*.local|169.254/16|*.169.254/16"/>
    <property name="jdk.debug" value="release"/>
    <property name="surefire.test.class.path" value="/Users/juaneduardoflores/Documents/Processing/Maven/TaskVisualizer/target/test-classes:/Users/juaneduardoflores/Documents/Processing/Maven/TaskVisualizer/target/classes:/Users/juaneduardoflores/.m2/repository/junit/junit/4.11/junit-4.11.jar:/Users/juaneduardoflores/.m2/repository/org/hamcrest/hamcrest-core/1.3/hamcrest-core-1.3.jar:/Users/juaneduardoflores/.m2/repository/org/processing/core/2.2.1/core-2.2.1.jar:/Users/juaneduardoflores/.m2/repository/org/jogamp/gluegen/gluegen-rt-main/2.3.2/gluegen-rt-main-2.3.2.jar:/Users/juaneduardoflores/.m2/repository/org/jogamp/gluegen/gluegen-rt/2.3.2/gluegen-rt-2.3.2.jar:/Users/juaneduardoflores/.m2/repository/org/jogamp/gluegen/gluegen-rt/2.3.2/gluegen-rt-2.3.2-natives-android-aarch64.jar:/Users/juaneduardoflores/.m2/repository/org/jogamp/gluegen/gluegen-rt/2.3.2/gluegen-rt-2.3.2-natives-android-armv6.jar:/Users/juaneduardoflores/.m2/repository/org/jogamp/gluegen/gluegen-rt/2.3.2/gluegen-rt-2.3.2-natives-linux-amd64.jar:/Users/juaneduardoflores/.m2/repository/org/jogamp/gluegen/gluegen-rt/2.3.2/gluegen-rt-2.3.2-natives-linux-armv6.jar:/Users/juaneduardoflores/.m2/repository/org/jogamp/gluegen/gluegen-rt/2.3.2/gluegen-rt-2.3.2-natives-linux-armv6hf.jar:/Users/juaneduardoflores/.m2/repository/org/jogamp/gluegen/gluegen-rt/2.3.2/gluegen-rt-2.3.2-natives-linux-i586.jar:/Users/juaneduardoflores/.m2/repository/org/jogamp/gluegen/gluegen-rt/2.3.2/gluegen-rt-2.3.2-natives-macosx-universal.jar:/Users/juaneduardoflores/.m2/repository/org/jogamp/gluegen/gluegen-rt/2.3.2/gluegen-rt-2.3.2-natives-solaris-amd64.jar:/Users/juaneduardoflores/.m2/repository/org/jogamp/gluegen/gluegen-rt/2.3.2/gluegen-rt-2.3.2-natives-solaris-i586.jar:/Users/juaneduardoflores/.m2/repository/org/jogamp/gluegen/gluegen-rt/2.3.2/gluegen-rt-2.3.2-natives-windows-amd64.jar:/Users/juaneduardoflores/.m2/repository/org/jogamp/gluegen/gluegen-rt/2.3.2/gluegen-rt-2.3.2-natives-windows-i586.jar:/Users/juaneduardoflores/.m2/repository/org/jogamp/jogl/jogl-all-main/2.3.2/jogl-all-main-2.3.2.jar:/Users/juaneduardoflores/.m2/repository/org/jogamp/jogl/jogl-all/2.3.2/jogl-all-2.3.2.jar:/Users/juaneduardoflores/.m2/repository/org/jogamp/jogl/jogl-all/2.3.2/jogl-all-2.3.2-natives-android-aarch64.jar:/Users/juaneduardoflores/.m2/repository/org/jogamp/jogl/jogl-all/2.3.2/jogl-all-2.3.2-natives-android-armv6.jar:/Users/juaneduardoflores/.m2/repository/org/jogamp/jogl/jogl-all/2.3.2/jogl-all-2.3.2-natives-linux-amd64.jar:/Users/juaneduardoflores/.m2/repository/org/jogamp/jogl/jogl-all/2.3.2/jogl-all-2.3.2-natives-linux-armv6.jar:/Users/juaneduardoflores/.m2/repository/org/jogamp/jogl/jogl-all/2.3.2/jogl-all-2.3.2-natives-linux-armv6hf.jar:/Users/juaneduardoflores/.m2/repository/org/jogamp/jogl/jogl-all/2.3.2/jogl-all-2.3.2-natives-linux-i586.jar:/Users/juaneduardoflores/.m2/repository/org/jogamp/jogl/jogl-all/2.3.2/jogl-all-2.3.2-natives-macosx-universal.jar:/Users/juaneduardoflores/.m2/repository/org/jogamp/jogl/jogl-all/2.3.2/jogl-all-2.3.2-natives-solaris-amd64.jar:/Users/juaneduardoflores/.m2/repository/org/jogamp/jogl/jogl-all/2.3.2/jogl-all-2.3.2-natives-solaris-i586.jar:/Users/juaneduardoflores/.m2/repository/org/jogamp/jogl/jogl-all/2.3.2/jogl-all-2.3.2-natives-windows-amd64.jar:/Users/juaneduardoflores/.m2/repository/org/jogamp/jogl/jogl-all/2.3.2/jogl-all-2.3.2-natives-windows-i586.jar:/Users/juaneduardoflores/.m2/repository/org/jogamp/jogl/newt-main/2.3.2/newt-main-2.3.2.jar:/Users/juaneduardoflores/.m2/repository/org/jogamp/jogl/newt/2.3.2/newt-2.3.2.jar:/Users/juaneduardoflores/.m2/repository/org/jogamp/jogl/newt/2.3.2/newt-2.3.2-event.jar:/Users/juaneduardoflores/.m2/repository/org/jogamp/jogl/newt/2.3.2/newt-2.3.2-ogl.jar:/Users/juaneduardoflores/.m2/repository/org/jogamp/jogl/newt/2.3.2/newt-2.3.2-driver-android.jar:/Users/juaneduardoflores/.m2/repository/org/jogamp/jogl/newt/2.3.2/newt-2.3.2-driver-bcm-old.jar:/Users/juaneduardoflores/.m2/repository/org/jogamp/jogl/newt/2.3.2/newt-2.3.2-driver-bcm-vc.jar:/Users/juaneduardoflores/.m2/repository/org/jogamp/jogl/newt/2.3.2/newt-2.3.2-driver-intelgdl.jar:/Users/juaneduardoflores/.m2/repository/org/jogamp/jogl/newt/2.3.2/newt-2.3.2-driver-kd.jar:/Users/juaneduardoflores/.m2/repository/org/jogamp/jogl/newt/2.3.2/newt-2.3.2-driver-linux.jar:/Users/juaneduardoflores/.m2/repository/org/jogamp/jogl/newt/2.3.2/newt-2.3.2-driver-osx.jar:/Users/juaneduardoflores/.m2/repository/org/jogamp/jogl/newt/2.3.2/newt-2.3.2-driver-win.jar:/Users/juaneduardoflores/.m2/repository/org/jogamp/jogl/newt/2.3.2/newt-2.3.2-driver-x11.jar:/Users/juaneduardoflores/.m2/repository/org/jogamp/jogl/newt/2.3.2/newt-2.3.2-natives-android-aarch64.jar:/Users/juaneduardoflores/.m2/repository/org/jogamp/jogl/newt/2.3.2/newt-2.3.2-natives-android-armv6.jar:/Users/juaneduardoflores/.m2/repository/org/jogamp/jogl/newt/2.3.2/newt-2.3.2-natives-linux-amd64.jar:/Users/juaneduardoflores/.m2/repository/org/jogamp/jogl/newt/2.3.2/newt-2.3.2-natives-linux-armv6.jar:/Users/juaneduardoflores/.m2/repository/org/jogamp/jogl/newt/2.3.2/newt-2.3.2-natives-linux-armv6hf.jar:/Users/juaneduardoflores/.m2/repository/org/jogamp/jogl/newt/2.3.2/newt-2.3.2-natives-linux-i586.jar:/Users/juaneduardoflores/.m2/repository/org/jogamp/jogl/newt/2.3.2/newt-2.3.2-natives-macosx-universal.jar:/Users/juaneduardoflores/.m2/repository/org/jogamp/jogl/newt/2.3.2/newt-2.3.2-natives-solaris-amd64.jar:/Users/juaneduardoflores/.m2/repository/org/jogamp/jogl/newt/2.3.2/newt-2.3.2-natives-solaris-i586.jar:/Users/juaneduardoflores/.m2/repository/org/jogamp/jogl/newt/2.3.2/newt-2.3.2-natives-windows-amd64.jar:/Users/juaneduardoflores/.m2/repository/org/jogamp/jogl/newt/2.3.2/newt-2.3.2-natives-windows-i586.jar:/Users/juaneduardoflores/.m2/repository/org/jogamp/jogl/nativewindow-main/2.3.2/nativewindow-main-2.3.2.jar:/Users/juaneduardoflores/.m2/repository/org/jogamp/jogl/nativewindow/2.3.2/nativewindow-2.3.2.jar:/Users/juaneduardoflores/.m2/repository/org/jogamp/jogl/nativewindow/2.3.2/nativewindow-2.3.2-os-win.jar:/Users/juaneduardoflores/.m2/repository/org/jogamp/jogl/nativewindow/2.3.2/nativewindow-2.3.2-os-osx.jar:/Users/juaneduardoflores/.m2/repository/org/jogamp/jogl/nativewindow/2.3.2/nativewindow-2.3.2-os-x11.jar:/Users/juaneduardoflores/.m2/repository/org/jogamp/jogl/nativewindow/2.3.2/nativewindow-2.3.2-natives-android-aarch64.jar:/Users/juaneduardoflores/.m2/repository/org/jogamp/jogl/nativewindow/2.3.2/nativewindow-2.3.2-natives-android-armv6.jar:/Users/juaneduardoflores/.m2/repository/org/jogamp/jogl/nativewindow/2.3.2/nativewindow-2.3.2-natives-linux-amd64.jar:/Users/juaneduardoflores/.m2/repository/org/jogamp/jogl/nativewindow/2.3.2/nativewindow-2.3.2-natives-linux-armv6.jar:/Users/juaneduardoflores/.m2/repository/org/jogamp/jogl/nativewindow/2.3.2/nativewindow-2.3.2-natives-linux-armv6hf.jar:/Users/juaneduardoflores/.m2/repository/org/jogamp/jogl/nativewindow/2.3.2/nativewindow-2.3.2-natives-linux-i586.jar:/Users/juaneduardoflores/.m2/repository/org/jogamp/jogl/nativewindow/2.3.2/nativewindow-2.3.2-natives-macosx-universal.jar:/Users/juaneduardoflores/.m2/repository/org/jogamp/jogl/nativewindow/2.3.2/nativewindow-2.3.2-natives-solaris-amd64.jar:/Users/juaneduardoflores/.m2/repository/org/jogamp/jogl/nativewindow/2.3.2/nativewindow-2.3.2-natives-solaris-i586.jar:/Users/juaneduardoflores/.m2/repository/org/jogamp/jogl/nativewindow/2.3.2/nativewindow-2.3.2-natives-windows-amd64.jar:/Users/juaneduardoflores/.m2/repository/org/jogamp/jogl/nativewindow/2.3.2/nativewindow-2.3.2-natives-windows-i586.jar:/Users/juaneduardoflores/.m2/repository/com/apple/AppleJavaExtensions/1.4/AppleJavaExtensions-1.4.jar:/Users/juaneduardoflores/.m2/repository/com/ultramixer/jarbundler/jarbundler-core/3.3.0/jarbundler-core-3.3.0.jar:/Users/juaneduardoflores/.m2/repository/org/apache/ant/ant/1.9.3/ant-1.9.3.jar:/Users/juaneduardoflores/.m2/repository/org/apache/ant/ant-launcher/1.9.3/ant-launcher-1.9.3.jar:/Users/juaneduardoflores/.m2/repository/org/json/json/20210307/json-20210307.jar:"/>
    <property name="sun.cpu.endian" value="little"/>
    <property name="user.home" value="/Users/juaneduardoflores"/>
    <property name="user.language" value="en"/>
    <property name="java.specification.vendor" value="Oracle Corporation"/>
    <property name="java.version.date" value="2021-01-19"/>
    <property name="java.home" value="/Users/juaneduardoflores/.p2/pool/plugins/org.eclipse.justj.openjdk.hotspot.jre.full.macosx.x86_64_15.0.2.v20210201-0955/jre"/>
    <property name="file.separator" value="/"/>
    <property name="basedir" value="/Users/juaneduardoflores/Documents/Processing/Maven/TaskVisualizer"/>
    <property name="java.vm.compressedOopsMode" value="Zero based"/>
    <property name="line.separator" value="&#10;"/>
    <property name="java.specification.name" value="Java Platform API Specification"/>
    <property name="java.vm.specification.vendor" value="Oracle Corporation"/>
    <property name="surefire.real.class.path" value="/Users/juaneduardoflores/Documents/Processing/Maven/TaskVisualizer/target/surefire/surefirebooter9919328743798192467.jar"/>
    <property name="sun.management.compiler" value="HotSpot 64-Bit Tiered Compilers"/>
    <property name="ftp.nonProxyHosts" value="local|*.local|169.254/16|*.169.254/16"/>
    <property name="java.runtime.version" value="15.0.2+7-27"/>
    <property name="user.name" value="juaneduardoflores"/>
    <property name="path.separator" value=":"/>
    <property name="os.version" value="10.16"/>
    <property name="java.runtime.name" value="OpenJDK Runtime Environment"/>
    <property name="file.encoding" value="UTF-8"/>
    <property name="java.vm.name" value="OpenJDK 64-Bit Server VM"/>
    <property name="localRepository" value="/Users/juaneduardoflores/.m2/repository"/>
    <property name="java.vendor.url.bug" value="https://bugreport.java.com/bugreport/"/>
    <property name="java.io.tmpdir" value="/var/folders/4z/bkzvk6kd1n72pb0t3fjzdnnc0000gn/T/"/>
    <property name="java.version" value="15.0.2"/>
    <property name="user.dir" value="/Users/juaneduardoflores/Documents/Processing/Maven/TaskVisualizer"/>
    <property name="os.arch" value="x86_64"/>
    <property name="java.vm.specification.name" value="Java Virtual Machine Specification"/>
    <property name="java.library.path" value="/Users/juaneduardoflores/Library/Java/Extensions:/Library/Java/Extensions:/Network/Library/Java/Extensions:/System/Library/Java/Extensions:/usr/lib/java:."/>
    <property name="java.vm.info" value="mixed mode"/>
    <property name="java.vendor" value="Oracle Corporation"/>
    <property name="java.vm.version" value="15.0.2+7-27"/>
    <property name="sun.io.unicode.encoding" value="UnicodeBig"/>
    <property name="socksNonProxyHosts" value="local|*.local|169.254/16|*.169.254/16"/>
    <property name="java.class.version" value="59.0"/>
  </properties>
  <testcase name="shouldAnswerWithTrue" classname="com.juaned.AppTest" time="0.002"/>
</testsuite>