<?xml version="1.0" encoding="UTF-8"?>
<testsuite xmlns:xsi="http://www.w3.org/2001/XMLSchema-instance" xsi:noNamespaceSchemaLocation="https://maven.apache.org/surefire/maven-surefire-plugin/xsd/surefire-test-report.xsd" name="com.juaned.AppTest" time="0.982" tests="1" errors="0" skipped="0" failures="0">
  <properties>
    <property name="gopherProxySet" value="false"/>
    <property name="awt.toolkit" value="sun.lwawt.macosx.LWCToolkit"/>
    <property name="java.specification.version" value="11"/>
    <property name="sun.cpu.isalist" value=""/>
    <property name="sun.jnu.encoding" value="UTF-8"/>
    <property name="java.class.path" value="/Users/juanedflores/Documents/GitHub/TaskVisualizer/target/test-classes:/Users/juanedflores/Documents/GitHub/TaskVisualizer/target/classes:/Users/juanedflores/.m2/repository/junit/junit/4.11/junit-4.11.jar:/Users/juanedflores/.m2/repository/org/hamcrest/hamcrest-core/1.3/hamcrest-core-1.3.jar:/Users/juanedflores/.m2/repository/org/processing/core/2.2.1/core-2.2.1.jar:/Users/juanedflores/.m2/repository/org/jogamp/gluegen/gluegen-rt-main/2.3.2/gluegen-rt-main-2.3.2.jar:/Users/juanedflores/.m2/repository/org/jogamp/gluegen/gluegen-rt/2.3.2/gluegen-rt-2.3.2.jar:/Users/juanedflores/.m2/repository/org/jogamp/gluegen/gluegen-rt/2.3.2/gluegen-rt-2.3.2-natives-android-aarch64.jar:/Users/juanedflores/.m2/repository/org/jogamp/gluegen/gluegen-rt/2.3.2/gluegen-rt-2.3.2-natives-android-armv6.jar:/Users/juanedflores/.m2/repository/org/jogamp/gluegen/gluegen-rt/2.3.2/gluegen-rt-2.3.2-natives-linux-amd64.jar:/Users/juanedflores/.m2/repository/org/jogamp/gluegen/gluegen-rt/2.3.2/gluegen-rt-2.3.2-natives-linux-armv6.jar:/Users/juanedflores/.m2/repository/org/jogamp/gluegen/gluegen-rt/2.3.2/gluegen-rt-2.3.2-natives-linux-armv6hf.jar:/Users/juanedflores/.m2/repository/org/jogamp/gluegen/gluegen-rt/2.3.2/gluegen-rt-2.3.2-natives-linux-i586.jar:/Users/juanedflores/.m2/repository/org/jogamp/gluegen/gluegen-rt/2.3.2/gluegen-rt-2.3.2-natives-macosx-universal.jar:/Users/juanedflores/.m2/repository/org/jogamp/gluegen/gluegen-rt/2.3.2/gluegen-rt-2.3.2-natives-solaris-amd64.jar:/Users/juanedflores/.m2/repository/org/jogamp/gluegen/gluegen-rt/2.3.2/gluegen-rt-2.3.2-natives-solaris-i586.jar:/Users/juanedflores/.m2/repository/org/jogamp/gluegen/gluegen-rt/2.3.2/gluegen-rt-2.3.2-natives-windows-amd64.jar:/Users/juanedflores/.m2/repository/org/jogamp/gluegen/gluegen-rt/2.3.2/gluegen-rt-2.3.2-natives-windows-i586.jar:/Users/juanedflores/.m2/repository/org/jogamp/jogl/jogl-all-main/2.3.2/jogl-all-main-2.3.2.jar:/Users/juanedflores/.m2/repository/org/jogamp/jogl/jogl-all/2.3.2/jogl-all-2.3.2.jar:/Users/juanedflores/.m2/repository/org/jogamp/jogl/jogl-all/2.3.2/jogl-all-2.3.2-natives-android-aarch64.jar:/Users/juanedflores/.m2/repository/org/jogamp/jogl/jogl-all/2.3.2/jogl-all-2.3.2-natives-android-armv6.jar:/Users/juanedflores/.m2/repository/org/jogamp/jogl/jogl-all/2.3.2/jogl-all-2.3.2-natives-linux-amd64.jar:/Users/juanedflores/.m2/repository/org/jogamp/jogl/jogl-all/2.3.2/jogl-all-2.3.2-natives-linux-armv6.jar:/Users/juanedflores/.m2/repository/org/jogamp/jogl/jogl-all/2.3.2/jogl-all-2.3.2-natives-linux-armv6hf.jar:/Users/juanedflores/.m2/repository/org/jogamp/jogl/jogl-all/2.3.2/jogl-all-2.3.2-natives-linux-i586.jar:/Users/juanedflores/.m2/repository/org/jogamp/jogl/jogl-all/2.3.2/jogl-all-2.3.2-natives-macosx-universal.jar:/Users/juanedflores/.m2/repository/org/jogamp/jogl/jogl-all/2.3.2/jogl-all-2.3.2-natives-solaris-amd64.jar:/Users/juanedflores/.m2/repository/org/jogamp/jogl/jogl-all/2.3.2/jogl-all-2.3.2-natives-solaris-i586.jar:/Users/juanedflores/.m2/repository/org/jogamp/jogl/jogl-all/2.3.2/jogl-all-2.3.2-natives-windows-amd64.jar:/Users/juanedflores/.m2/repository/org/jogamp/jogl/jogl-all/2.3.2/jogl-all-2.3.2-natives-windows-i586.jar:/Users/juanedflores/.m2/repository/org/jogamp/jogl/newt-main/2.3.2/newt-main-2.3.2.jar:/Users/juanedflores/.m2/repository/org/jogamp/jogl/newt/2.3.2/newt-2.3.2.jar:/Users/juanedflores/.m2/repository/org/jogamp/jogl/newt/2.3.2/newt-2.3.2-event.jar:/Users/juanedflores/.m2/repository/org/jogamp/jogl/newt/2.3.2/newt-2.3.2-ogl.jar:/Users/juanedflores/.m2/repository/org/jogamp/jogl/newt/2.3.2/newt-2.3.2-driver-android.jar:/Users/juanedflores/.m2/repository/org/jogamp/jogl/newt/2.3.2/newt-2.3.2-driver-bcm-old.jar:/Users/juanedflores/.m2/repository/org/jogamp/jogl/newt/2.3.2/newt-2.3.2-driver-bcm-vc.jar:/Users/juanedflores/.m2/repository/org/jogamp/jogl/newt/2.3.2/newt-2.3.2-driver-intelgdl.jar:/Users/juanedflores/.m2/repository/org/jogamp/jogl/newt/2.3.2/newt-2.3.2-driver-kd.jar:/Users/juanedflores/.m2/repository/org/jogamp/jogl/newt/2.3.2/newt-2.3.2-driver-linux.jar:/Users/juanedflores/.m2/repository/org/jogamp/jogl/newt/2.3.2/newt-2.3.2-driver-osx.jar:/Users/juanedflores/.m2/repository/org/jogamp/jogl/newt/2.3.2/newt-2.3.2-driver-win.jar:/Users/juanedflores/.m2/repository/org/jogamp/jogl/newt/2.3.2/newt-2.3.2-driver-x11.jar:/Users/juanedflores/.m2/repository/org/jogamp/jogl/newt/2.3.2/newt-2.3.2-natives-android-aarch64.jar:/Users/juanedflores/.m2/repository/org/jogamp/jogl/newt/2.3.2/newt-2.3.2-natives-android-armv6.jar:/Users/juanedflores/.m2/repository/org/jogamp/jogl/newt/2.3.2/newt-2.3.2-natives-linux-amd64.jar:/Users/juanedflores/.m2/repository/org/jogamp/jogl/newt/2.3.2/newt-2.3.2-natives-linux-armv6.jar:/Users/juanedflores/.m2/repository/org/jogamp/jogl/newt/2.3.2/newt-2.3.2-natives-linux-armv6hf.jar:/Users/juanedflores/.m2/repository/org/jogamp/jogl/newt/2.3.2/newt-2.3.2-natives-linux-i586.jar:/Users/juanedflores/.m2/repository/org/jogamp/jogl/newt/2.3.2/newt-2.3.2-natives-macosx-universal.jar:/Users/juanedflores/.m2/repository/org/jogamp/jogl/newt/2.3.2/newt-2.3.2-natives-solaris-amd64.jar:/Users/juanedflores/.m2/repository/org/jogamp/jogl/newt/2.3.2/newt-2.3.2-natives-solaris-i586.jar:/Users/juanedflores/.m2/repository/org/jogamp/jogl/newt/2.3.2/newt-2.3.2-natives-windows-amd64.jar:/Users/juanedflores/.m2/repository/org/jogamp/jogl/newt/2.3.2/newt-2.3.2-natives-windows-i586.jar:/Users/juanedflores/.m2/repository/org/jogamp/jogl/nativewindow-main/2.3.2/nativewindow-main-2.3.2.jar:/Users/juanedflores/.m2/repository/org/jogamp/jogl/nativewindow/2.3.2/nativewindow-2.3.2.jar:/Users/juanedflores/.m2/repository/org/jogamp/jogl/nativewindow/2.3.2/nativewindow-2.3.2-os-win.jar:/Users/juanedflores/.m2/repository/org/jogamp/jogl/nativewindow/2.3.2/nativewindow-2.3.2-os-osx.jar:/Users/juanedflores/.m2/repository/org/jogamp/jogl/nativewindow/2.3.2/nativewindow-2.3.2-os-x11.jar:/Users/juanedflores/.m2/repository/org/jogamp/jogl/nativewindow/2.3.2/nativewindow-2.3.2-natives-android-aarch64.jar:/Users/juanedflores/.m2/repository/org/jogamp/jogl/nativewindow/2.3.2/nativewindow-2.3.2-natives-android-armv6.jar:/Users/juanedflores/.m2/repository/org/jogamp/jogl/nativewindow/2.3.2/nativewindow-2.3.2-natives-linux-amd64.jar:/Users/juanedflores/.m2/repository/org/jogamp/jogl/nativewindow/2.3.2/nativewindow-2.3.2-natives-linux-armv6.jar:/Users/juanedflores/.m2/repository/org/jogamp/jogl/nativewindow/2.3.2/nativewindow-2.3.2-natives-linux-armv6hf.jar:/Users/juanedflores/.m2/repository/org/jogamp/jogl/nativewindow/2.3.2/nativewindow-2.3.2-natives-linux-i586.jar:/Users/juanedflores/.m2/repository/org/jogamp/jogl/nativewindow/2.3.2/nativewindow-2.3.2-natives-macosx-universal.jar:/Users/juanedflores/.m2/repository/org/jogamp/jogl/nativewindow/2.3.2/nativewindow-2.3.2-natives-solaris-amd64.jar:/Users/juanedflores/.m2/repository/org/jogamp/jogl/nativewindow/2.3.2/nativewindow-2.3.2-natives-solaris-i586.jar:/Users/juanedflores/.m2/repository/org/jogamp/jogl/nativewindow/2.3.2/nativewindow-2.3.2-natives-windows-amd64.jar:/Users/juanedflores/.m2/repository/org/jogamp/jogl/nativewindow/2.3.2/nativewindow-2.3.2-natives-windows-i586.jar:/Users/juanedflores/.m2/repository/com/apple/AppleJavaExtensions/1.4/AppleJavaExtensions-1.4.jar:/Users/juanedflores/.m2/repository/com/ultramixer/jarbundler/jarbundler-core/3.3.0/jarbundler-core-3.3.0.jar:/Users/juanedflores/.m2/repository/org/apache/ant/ant/1.9.3/ant-1.9.3.jar:/Users/juanedflores/.m2/repository/org/apache/ant/ant-launcher/1.9.3/ant-launcher-1.9.3.jar:/Users/juanedflores/.m2/repository/org/json/json/20210307/json-20210307.jar:"/>
    <property name="java.vm.vendor" value="Azul Systems, Inc."/>
    <property name="sun.arch.data.model" value="64"/>
    <property name="java.vendor.url" value="http://www.azul.com/"/>
    <property name="user.timezone" value=""/>
    <property name="java.vm.specification.version" value="11"/>
    <property name="os.name" value="Mac OS X"/>
    <property name="sun.java.launcher" value="SUN_STANDARD"/>
    <property name="user.country" value="US"/>
    <property name="sun.boot.library.path" value="/Library/Java/JavaVirtualMachines/zulu-11.jdk/Contents/Home/lib"/>
    <property name="sun.java.command" value="/Users/juanedflores/Documents/GitHub/TaskVisualizer/target/surefire/surefirebooter4199280743946699740.jar /Users/juanedflores/Documents/GitHub/TaskVisualizer/target/surefire 2022-01-16T15-49-02_920-jvmRun1 surefire9859241153724176420tmp surefire_01725404947264905997tmp"/>
    <property name="http.nonProxyHosts" value="local|*.local|169.254/16|*.169.254/16"/>
    <property name="jdk.debug" value="release"/>
    <property name="surefire.test.class.path" value="/Users/juanedflores/Documents/GitHub/TaskVisualizer/target/test-classes:/Users/juanedflores/Documents/GitHub/TaskVisualizer/target/classes:/Users/juanedflores/.m2/repository/junit/junit/4.11/junit-4.11.jar:/Users/juanedflores/.m2/repository/org/hamcrest/hamcrest-core/1.3/hamcrest-core-1.3.jar:/Users/juanedflores/.m2/repository/org/processing/core/2.2.1/core-2.2.1.jar:/Users/juanedflores/.m2/repository/org/jogamp/gluegen/gluegen-rt-main/2.3.2/gluegen-rt-main-2.3.2.jar:/Users/juanedflores/.m2/repository/org/jogamp/gluegen/gluegen-rt/2.3.2/gluegen-rt-2.3.2.jar:/Users/juanedflores/.m2/repository/org/jogamp/gluegen/gluegen-rt/2.3.2/gluegen-rt-2.3.2-natives-android-aarch64.jar:/Users/juanedflores/.m2/repository/org/jogamp/gluegen/gluegen-rt/2.3.2/gluegen-rt-2.3.2-natives-android-armv6.jar:/Users/juanedflores/.m2/repository/org/jogamp/gluegen/gluegen-rt/2.3.2/gluegen-rt-2.3.2-natives-linux-amd64.jar:/Users/juanedflores/.m2/repository/org/jogamp/gluegen/gluegen-rt/2.3.2/gluegen-rt-2.3.2-natives-linux-armv6.jar:/Users/juanedflores/.m2/repository/org/jogamp/gluegen/gluegen-rt/2.3.2/gluegen-rt-2.3.2-natives-linux-armv6hf.jar:/Users/juanedflores/.m2/repository/org/jogamp/gluegen/gluegen-rt/2.3.2/gluegen-rt-2.3.2-natives-linux-i586.jar:/Users/juanedflores/.m2/repository/org/jogamp/gluegen/gluegen-rt/2.3.2/gluegen-rt-2.3.2-natives-macosx-universal.jar:/Users/juanedflores/.m2/repository/org/jogamp/gluegen/gluegen-rt/2.3.2/gluegen-rt-2.3.2-natives-solaris-amd64.jar:/Users/juanedflores/.m2/repository/org/jogamp/gluegen/gluegen-rt/2.3.2/gluegen-rt-2.3.2-natives-solaris-i586.jar:/Users/juanedflores/.m2/repository/org/jogamp/gluegen/gluegen-rt/2.3.2/gluegen-rt-2.3.2-natives-windows-amd64.jar:/Users/juanedflores/.m2/repository/org/jogamp/gluegen/gluegen-rt/2.3.2/gluegen-rt-2.3.2-natives-windows-i586.jar:/Users/juanedflores/.m2/repository/org/jogamp/jogl/jogl-all-main/2.3.2/jogl-all-main-2.3.2.jar:/Users/juanedflores/.m2/repository/org/jogamp/jogl/jogl-all/2.3.2/jogl-all-2.3.2.jar:/Users/juanedflores/.m2/repository/org/jogamp/jogl/jogl-all/2.3.2/jogl-all-2.3.2-natives-android-aarch64.jar:/Users/juanedflores/.m2/repository/org/jogamp/jogl/jogl-all/2.3.2/jogl-all-2.3.2-natives-android-armv6.jar:/Users/juanedflores/.m2/repository/org/jogamp/jogl/jogl-all/2.3.2/jogl-all-2.3.2-natives-linux-amd64.jar:/Users/juanedflores/.m2/repository/org/jogamp/jogl/jogl-all/2.3.2/jogl-all-2.3.2-natives-linux-armv6.jar:/Users/juanedflores/.m2/repository/org/jogamp/jogl/jogl-all/2.3.2/jogl-all-2.3.2-natives-linux-armv6hf.jar:/Users/juanedflores/.m2/repository/org/jogamp/jogl/jogl-all/2.3.2/jogl-all-2.3.2-natives-linux-i586.jar:/Users/juanedflores/.m2/repository/org/jogamp/jogl/jogl-all/2.3.2/jogl-all-2.3.2-natives-macosx-universal.jar:/Users/juanedflores/.m2/repository/org/jogamp/jogl/jogl-all/2.3.2/jogl-all-2.3.2-natives-solaris-amd64.jar:/Users/juanedflores/.m2/repository/org/jogamp/jogl/jogl-all/2.3.2/jogl-all-2.3.2-natives-solaris-i586.jar:/Users/juanedflores/.m2/repository/org/jogamp/jogl/jogl-all/2.3.2/jogl-all-2.3.2-natives-windows-amd64.jar:/Users/juanedflores/.m2/repository/org/jogamp/jogl/jogl-all/2.3.2/jogl-all-2.3.2-natives-windows-i586.jar:/Users/juanedflores/.m2/repository/org/jogamp/jogl/newt-main/2.3.2/newt-main-2.3.2.jar:/Users/juanedflores/.m2/repository/org/jogamp/jogl/newt/2.3.2/newt-2.3.2.jar:/Users/juanedflores/.m2/repository/org/jogamp/jogl/newt/2.3.2/newt-2.3.2-event.jar:/Users/juanedflores/.m2/repository/org/jogamp/jogl/newt/2.3.2/newt-2.3.2-ogl.jar:/Users/juanedflores/.m2/repository/org/jogamp/jogl/newt/2.3.2/newt-2.3.2-driver-android.jar:/Users/juanedflores/.m2/repository/org/jogamp/jogl/newt/2.3.2/newt-2.3.2-driver-bcm-old.jar:/Users/juanedflores/.m2/repository/org/jogamp/jogl/newt/2.3.2/newt-2.3.2-driver-bcm-vc.jar:/Users/juanedflores/.m2/repository/org/jogamp/jogl/newt/2.3.2/newt-2.3.2-driver-intelgdl.jar:/Users/juanedflores/.m2/repository/org/jogamp/jogl/newt/2.3.2/newt-2.3.2-driver-kd.jar:/Users/juanedflores/.m2/repository/org/jogamp/jogl/newt/2.3.2/newt-2.3.2-driver-linux.jar:/Users/juanedflores/.m2/repository/org/jogamp/jogl/newt/2.3.2/newt-2.3.2-driver-osx.jar:/Users/juanedflores/.m2/repository/org/jogamp/jogl/newt/2.3.2/newt-2.3.2-driver-win.jar:/Users/juanedflores/.m2/repository/org/jogamp/jogl/newt/2.3.2/newt-2.3.2-driver-x11.jar:/Users/juanedflores/.m2/repository/org/jogamp/jogl/newt/2.3.2/newt-2.3.2-natives-android-aarch64.jar:/Users/juanedflores/.m2/repository/org/jogamp/jogl/newt/2.3.2/newt-2.3.2-natives-android-armv6.jar:/Users/juanedflores/.m2/repository/org/jogamp/jogl/newt/2.3.2/newt-2.3.2-natives-linux-amd64.jar:/Users/juanedflores/.m2/repository/org/jogamp/jogl/newt/2.3.2/newt-2.3.2-natives-linux-armv6.jar:/Users/juanedflores/.m2/repository/org/jogamp/jogl/newt/2.3.2/newt-2.3.2-natives-linux-armv6hf.jar:/Users/juanedflores/.m2/repository/org/jogamp/jogl/newt/2.3.2/newt-2.3.2-natives-linux-i586.jar:/Users/juanedflores/.m2/repository/org/jogamp/jogl/newt/2.3.2/newt-2.3.2-natives-macosx-universal.jar:/Users/juanedflores/.m2/repository/org/jogamp/jogl/newt/2.3.2/newt-2.3.2-natives-solaris-amd64.jar:/Users/juanedflores/.m2/repository/org/jogamp/jogl/newt/2.3.2/newt-2.3.2-natives-solaris-i586.jar:/Users/juanedflores/.m2/repository/org/jogamp/jogl/newt/2.3.2/newt-2.3.2-natives-windows-amd64.jar:/Users/juanedflores/.m2/repository/org/jogamp/jogl/newt/2.3.2/newt-2.3.2-natives-windows-i586.jar:/Users/juanedflores/.m2/repository/org/jogamp/jogl/nativewindow-main/2.3.2/nativewindow-main-2.3.2.jar:/Users/juanedflores/.m2/repository/org/jogamp/jogl/nativewindow/2.3.2/nativewindow-2.3.2.jar:/Users/juanedflores/.m2/repository/org/jogamp/jogl/nativewindow/2.3.2/nativewindow-2.3.2-os-win.jar:/Users/juanedflores/.m2/repository/org/jogamp/jogl/nativewindow/2.3.2/nativewindow-2.3.2-os-osx.jar:/Users/juanedflores/.m2/repository/org/jogamp/jogl/nativewindow/2.3.2/nativewindow-2.3.2-os-x11.jar:/Users/juanedflores/.m2/repository/org/jogamp/jogl/nativewindow/2.3.2/nativewindow-2.3.2-natives-android-aarch64.jar:/Users/juanedflores/.m2/repository/org/jogamp/jogl/nativewindow/2.3.2/nativewindow-2.3.2-natives-android-armv6.jar:/Users/juanedflores/.m2/repository/org/jogamp/jogl/nativewindow/2.3.2/nativewindow-2.3.2-natives-linux-amd64.jar:/Users/juanedflores/.m2/repository/org/jogamp/jogl/nativewindow/2.3.2/nativewindow-2.3.2-natives-linux-armv6.jar:/Users/juanedflores/.m2/repository/org/jogamp/jogl/nativewindow/2.3.2/nativewindow-2.3.2-natives-linux-armv6hf.jar:/Users/juanedflores/.m2/repository/org/jogamp/jogl/nativewindow/2.3.2/nativewindow-2.3.2-natives-linux-i586.jar:/Users/juanedflores/.m2/repository/org/jogamp/jogl/nativewindow/2.3.2/nativewindow-2.3.2-natives-macosx-universal.jar:/Users/juanedflores/.m2/repository/org/jogamp/jogl/nativewindow/2.3.2/nativewindow-2.3.2-natives-solaris-amd64.jar:/Users/juanedflores/.m2/repository/org/jogamp/jogl/nativewindow/2.3.2/nativewindow-2.3.2-natives-solaris-i586.jar:/Users/juanedflores/.m2/repository/org/jogamp/jogl/nativewindow/2.3.2/nativewindow-2.3.2-natives-windows-amd64.jar:/Users/juanedflores/.m2/repository/org/jogamp/jogl/nativewindow/2.3.2/nativewindow-2.3.2-natives-windows-i586.jar:/Users/juanedflores/.m2/repository/com/apple/AppleJavaExtensions/1.4/AppleJavaExtensions-1.4.jar:/Users/juanedflores/.m2/repository/com/ultramixer/jarbundler/jarbundler-core/3.3.0/jarbundler-core-3.3.0.jar:/Users/juanedflores/.m2/repository/org/apache/ant/ant/1.9.3/ant-1.9.3.jar:/Users/juanedflores/.m2/repository/org/apache/ant/ant-launcher/1.9.3/ant-launcher-1.9.3.jar:/Users/juanedflores/.m2/repository/org/json/json/20210307/json-20210307.jar:"/>
    <property name="sun.cpu.endian" value="little"/>
    <property name="user.home" value="/Users/juanedflores"/>
    <property name="user.language" value="en"/>
    <property name="java.specification.vendor" value="Oracle Corporation"/>
    <property name="java.version.date" value="2021-10-19"/>
    <property name="java.home" value="/Library/Java/JavaVirtualMachines/zulu-11.jdk/Contents/Home"/>
    <property name="file.separator" value="/"/>
    <property name="basedir" value="/Users/juanedflores/Documents/GitHub/TaskVisualizer"/>
    <property name="java.vm.compressedOopsMode" value="Zero based"/>
    <property name="line.separator" value="&#10;"/>
    <property name="java.specification.name" value="Java Platform API Specification"/>
    <property name="java.vm.specification.vendor" value="Oracle Corporation"/>
    <property name="jdk.vendor.version" value="Zulu11.52+13-CA"/>
    <property name="java.awt.graphicsenv" value="sun.awt.CGraphicsEnvironment"/>
    <property name="surefire.real.class.path" value="/Users/juanedflores/Documents/GitHub/TaskVisualizer/target/surefire/surefirebooter4199280743946699740.jar"/>
    <property name="sun.management.compiler" value="HotSpot 64-Bit Tiered Compilers"/>
    <property name="ftp.nonProxyHosts" value="local|*.local|169.254/16|*.169.254/16"/>
    <property name="java.runtime.version" value="11.0.13+8-LTS"/>
    <property name="user.name" value="juanedflores"/>
    <property name="path.separator" value=":"/>
    <property name="os.version" value="12.0.1"/>
    <property name="java.runtime.name" value="OpenJDK Runtime Environment"/>
    <property name="file.encoding" value="UTF-8"/>
    <property name="java.vm.name" value="OpenJDK 64-Bit Server VM"/>
    <property name="java.vendor.version" value="Zulu11.52+13-CA"/>
    <property name="localRepository" value="/Users/juanedflores/.m2/repository"/>
    <property name="java.vendor.url.bug" value="http://www.azul.com/support/"/>
    <property name="java.io.tmpdir" value="/var/folders/20/53c1g1gd2qndhv0g2g7xgjz80000gn/T/"/>
    <property name="java.version" value="11.0.13"/>
    <property name="user.dir" value="/Users/juanedflores/Documents/GitHub/TaskVisualizer"/>
    <property name="os.arch" value="aarch64"/>
    <property name="java.vm.specification.name" value="Java Virtual Machine Specification"/>
    <property name="java.awt.printerjob" value="sun.lwawt.macosx.CPrinterJob"/>
    <property name="sun.os.patch.level" value="unknown"/>
    <property name="java.library.path" value="/Users/juanedflores/Library/Java/Extensions:/Library/Java/Extensions:/Network/Library/Java/Extensions:/System/Library/Java/Extensions:/usr/lib/java:."/>
    <property name="java.vm.info" value="mixed mode"/>
    <property name="java.vendor" value="Azul Systems, Inc."/>
    <property name="java.vm.version" value="11.0.13+8-LTS"/>
    <property name="sun.io.unicode.encoding" value="UnicodeBig"/>
    <property name="java.class.version" value="55.0"/>
    <property name="socksNonProxyHosts" value="local|*.local|169.254/16|*.169.254/16"/>
  </properties>
  <testcase name="testMain" classname="com.juaned.AppTest" time="0.971"/>
</testsuite>